[15:07:00.037][info] [#0:/home/cristian/.local/share/nvim/mason/packages/lua-language-server/libexec/main.lua:66]: Lua Lsp startup, root: 	/home/cristian/.local/share/nvim/mason/packages/lua-language-server/libexec
[15:07:00.038][info] [#0:/home/cristian/.local/share/nvim/mason/packages/lua-language-server/libexec/main.lua:67]: ROOT:	/home/cristian/.local/share/nvim/mason/packages/lua-language-server/libexec
[15:07:00.038][info] [#0:/home/cristian/.local/share/nvim/mason/packages/lua-language-server/libexec/main.lua:68]: LOGPATH:	/home/cristian/.local/share/nvim/mason/packages/lua-language-server/libexec/log
[15:07:00.038][info] [#0:/home/cristian/.local/share/nvim/mason/packages/lua-language-server/libexec/main.lua:69]: METAPATH:	/home/cristian/.local/share/nvim/mason/packages/lua-language-server/libexec/meta
[15:07:00.038][info] [#0:/home/cristian/.local/share/nvim/mason/packages/lua-language-server/libexec/main.lua:70]: VERSION:	3.7.4
[15:07:00.053][info] [#0:script/service/service.lua:144]: 
========= Medical Examination Report =========
    --------------- Memory ---------------
        Total: 1.345 MB
        # 00 : 1.345 MB
        # 01 : 0.000 MB
        # 02 : 0.000 MB
        # 03 : 0.000 MB
        # 04 : 0.000 MB
    --------------- Coroutine ---------------
        Total:     0
        Running:   0
        Suspended: 0
        Normal:    0
        Dead:      0
    --------------- Cache ---------------
        Total: 1
        Dead:  0
    ---------------  RPC  ---------------
        Holdon:   0
        Waiting:  0
==============================================
[15:07:00.055][info] [#0:script/client.lua:657]: Client init	{
  capabilities = {
    general = {
      positionEncodings = { "utf-16" }
    },
    textDocument = {
      callHierarchy = {
        dynamicRegistration = false
      },
      codeAction = {
        codeActionLiteralSupport = {
          codeActionKind = {
            valueSet = { "", "quickfix", "refactor", "refactor.extract", "refactor.inline", "refactor.rewrite", "source", "source.organizeImports" }
          }
        },
        dataSupport = true,
        dynamicRegistration = true,
        isPreferredSupport = true,
        resolveSupport = {
          properties = { "edit" }
        }
      },
      completion = {
        completionItem = {
          commitCharactersSupport = true,
          deprecatedSupport = true,
          documentationFormat = { "markdown", "plaintext" },
          insertReplaceSupport = true,
          insertTextModeSupport = {
            valueSet = { 1, 2 }
          },
          labelDetailsSupport = true,
          preselectSupport = true,
          resolveSupport = {
            properties = { "documentation", "detail", "additionalTextEdits", "sortText", "filterText", "insertText", "textEdit", "insertTextFormat", "insertTextMode" }
          },
          snippetSupport = true,
          tagSupport = {
            valueSet = { 1 }
          }
        },
        completionItemKind = {
          valueSet = { 1, 2, 3, 4, 5, 6, 7, 8, 9, 10, 11, 12, 13, 14, 15, 16, 17, 18, 19, 20, 21, 22, 23, 24, 25 }
        },
        completionList = {
          itemDefaults = { "commitCharacters", "editRange", "insertTextFormat", "insertTextMode", "data" }
        },
        contextSupport = true,
        dynamicRegistration = false,
        insertTextMode = 1
      },
      declaration = {
        linkSupport = true
      },
      definition = {
        dynamicRegistration = true,
        linkSupport = true
      },
      diagnostic = {
        dynamicRegistration = false
      },
      documentHighlight = {
        dynamicRegistration = false
      },
      documentSymbol = {
        dynamicRegistration = false,
        hierarchicalDocumentSymbolSupport = true,
        symbolKind = {
          valueSet = { 1, 2, 3, 4, 5, 6, 7, 8, 9, 10, 11, 12, 13, 14, 15, 16, 17, 18, 19, 20, 21, 22, 23, 24, 25, 26 }
        }
      },
      formatting = {
        dynamicRegistration = true
      },
      hover = {
        contentFormat = { "markdown", "plaintext" },
        dynamicRegistration = true
      },
      implementation = {
        linkSupport = true
      },
      inlayHint = {
        dynamicRegistration = true,
        resolveSupport = {
          properties = {}
        }
      },
      publishDiagnostics = {
        dataSupport = true,
        relatedInformation = true,
        tagSupport = {
          valueSet = { 1, 2 }
        }
      },
      rangeFormatting = {
        dynamicRegistration = true
      },
      references = {
        dynamicRegistration = false
      },
      rename = {
        dynamicRegistration = true,
        prepareSupport = true
      },
      semanticTokens = {
        augmentsSyntaxTokens = true,
        dynamicRegistration = false,
        formats = { "relative" },
        multilineTokenSupport = false,
        overlappingTokenSupport = true,
        requests = {
          full = {
            delta = true
          },
          range = false
        },
        serverCancelSupport = false,
        tokenModifiers = { "declaration", "definition", "readonly", "static", "deprecated", "abstract", "async", "modification", "documentation", "defaultLibrary" },
        tokenTypes = { "namespace", "type", "class", "enum", "interface", "struct", "typeParameter", "parameter", "variable", "property", "enumMember", "event", "function", "method", "macro", "keyword", "modifier", "comment", "string", "number", "regexp", "operator", "decorator" }
      },
      signatureHelp = {
        dynamicRegistration = false,
        signatureInformation = {
          activeParameterSupport = true,
          documentationFormat = { "markdown", "plaintext" },
          parameterInformation = {
            labelOffsetSupport = true
          }
        }
      },
      synchronization = {
        didSave = true,
        dynamicRegistration = false,
        willSave = true,
        willSaveWaitUntil = true
      },
      typeDefinition = {
        linkSupport = true
      }
    },
    window = {
      showDocument = {
        support = true
      },
      showMessage = {
        messageActionItem = {
          additionalPropertiesSupport = false
        }
      },
      workDoneProgress = true
    },
    workspace = {
      applyEdit = true,
      configuration = true,
      didChangeWatchedFiles = {
        dynamicRegistration = true,
        relativePatternSupport = true
      },
      inlayHint = {
        refreshSupport = true
      },
      semanticTokens = {
        refreshSupport = true
      },
      symbol = {
        dynamicRegistration = false,
        symbolKind = {
          valueSet = { 1, 2, 3, 4, 5, 6, 7, 8, 9, 10, 11, 12, 13, 14, 15, 16, 17, 18, 19, 20, 21, 22, 23, 24, 25, 26 }
        }
      },
      workspaceEdit = {
        resourceOperations = { "rename", "create", "delete" }
      },
      workspaceFolders = true
    }
  },
  clientInfo = {
    name = "Neovim",
    version = "0.10.0-dev+g82150ca51"
  },
  initializationOptions = {},
  processId = 199999,
  rootPath = "/home/cristian/Repos/neovim",
  rootUri = "file:///home/cristian/Repos/neovim",
  trace = "off",
  workspaceFolders = { {
      name = "/home/cristian/Repos/neovim",
      uri = "file:///home/cristian/Repos/neovim"
    } }
}
[15:07:00.055][info] [#0:script/language.lua:137]: VSC language: nil
[15:07:00.055][info] [#0:script/language.lua:138]: LS  language: en-us
[15:07:00.055][info] [#0:script/workspace/workspace.lua:38]: Workspace init root: 	file:///home/cristian/Repos/neovim
[15:07:00.055][info] [#0:script/workspace/workspace.lua:42]: Log path: 	/home/cristian/.local/share/nvim/mason/packages/lua-language-server/libexec/log/file_home_cristian_Repos_neovim.log
[15:07:00.055][info] [#0:script/workspace/workspace.lua:48]: Workspace create: 	file:///home/cristian/Repos/neovim
[15:07:00.257][info] [#0:script/provider/provider.lua:46]: Load config from client	file:///home/cristian/Repos/neovim
[15:07:00.257][info] [#0:script/provider/provider.lua:47]: {
  Lua = {
    completion = {
      callSnippet = "Replace"
    },
    runtime = {
      path = { "?.lua", "?/init.lua" },
      pathStrict = true,
      version = "LuaJIT"
    },
    workspace = {
      checkThirdParty = false,
      ignoreDir = { "types/stable", "lua" },
      library = { "/home/cristian/.local/share/nvim/lazy/neodev.nvim/types/nightly", "/usr/local/share/nvim/runtime/lua", "/home/cristian/Repos/neovim/src/nvim/lua" }
    }
  }
}
[15:07:00.257][info] [#0:script/provider/provider.lua:53]: Load config from .luarc.json/.luarc.jsonc	file:///home/cristian/Repos/neovim
[15:07:00.257][info] [#0:script/provider/provider.lua:54]: {
  ["$schema"] = "https://raw.githubusercontent.com/LuaLS/vscode-lua/master/setting/schema.json",
  diagnostics = {
    disable = { "luadoc-miss-see-name" },
    groupFileStatus = {
      strict = "Opened",
      strong = "Opened"
    },
    groupSeverity = {
      strict = "Warning",
      strong = "Warning"
    },
    unusedLocalExclude = { "_*" }
  },
  runtime = {
    version = "LuaJIT"
  },
  workspace = {
    checkThirdParty = false,
    ignoreDir = { "test" },
    library = { "runtime/lua", "${3rd}/busted/library", "${3rd}/luv/library" }
  }
}
[15:07:00.258][info] [#0:script/provider/provider.lua:46]: Load config from client	file:///home/cristian/Repos/neovim
[15:07:00.258][info] [#0:script/provider/provider.lua:47]: {
  Lua = {
    completion = {
      callSnippet = "Replace"
    },
    runtime = {
      path = { "?.lua", "?/init.lua" },
      pathStrict = true,
      version = "LuaJIT"
    },
    workspace = {
      checkThirdParty = false,
      ignoreDir = { "types/stable", "lua" },
      library = { "/home/cristian/.local/share/nvim/lazy/neodev.nvim/types/nightly", "/usr/local/share/nvim/runtime/lua", "/home/cristian/Repos/neovim/src/nvim/lua" }
    }
  }
}
[15:07:00.258][info] [#0:script/provider/provider.lua:53]: Load config from .luarc.json/.luarc.jsonc	file:///home/cristian/Repos/neovim
[15:07:00.258][info] [#0:script/provider/provider.lua:54]: {
  ["$schema"] = "https://raw.githubusercontent.com/LuaLS/vscode-lua/master/setting/schema.json",
  diagnostics = {
    disable = { "luadoc-miss-see-name" },
    groupFileStatus = {
      strict = "Opened",
      strong = "Opened"
    },
    groupSeverity = {
      strict = "Warning",
      strong = "Warning"
    },
    unusedLocalExclude = { "_*" }
  },
  runtime = {
    version = "LuaJIT"
  },
  workspace = {
    checkThirdParty = false,
    ignoreDir = { "test" },
    library = { "runtime/lua", "${3rd}/busted/library", "${3rd}/luv/library" }
  }
}
[15:07:00.259][info] [#0:script/provider/provider.lua:46]: Load config from client	file:///home/cristian/Repos/neovim
[15:07:00.259][info] [#0:script/provider/provider.lua:47]: {
  Lua = {
    completion = {
      callSnippet = "Replace"
    },
    runtime = {
      path = { "?.lua", "?/init.lua" },
      pathStrict = true,
      version = "LuaJIT"
    },
    workspace = {
      checkThirdParty = false,
      ignoreDir = { "types/stable", "lua" },
      library = { "/home/cristian/.local/share/nvim/lazy/neodev.nvim/types/nightly", "/usr/local/share/nvim/runtime/lua", "/home/cristian/Repos/neovim/src/nvim/lua" }
    }
  }
}
[15:07:00.259][info] [#0:script/provider/provider.lua:53]: Load config from .luarc.json/.luarc.jsonc	file:///home/cristian/Repos/neovim
[15:07:00.259][info] [#0:script/provider/provider.lua:54]: {
  ["$schema"] = "https://raw.githubusercontent.com/LuaLS/vscode-lua/master/setting/schema.json",
  diagnostics = {
    disable = { "luadoc-miss-see-name" },
    groupFileStatus = {
      strict = "Opened",
      strong = "Opened"
    },
    groupSeverity = {
      strict = "Warning",
      strong = "Warning"
    },
    unusedLocalExclude = { "_*" }
  },
  runtime = {
    version = "LuaJIT"
  },
  workspace = {
    checkThirdParty = false,
    ignoreDir = { "test" },
    library = { "runtime/lua", "${3rd}/busted/library", "${3rd}/luv/library" }
  }
}
[15:07:00.259][info] [#0:script/provider/provider.lua:61]: Load config from client	fallback
[15:07:00.259][info] [#0:script/provider/provider.lua:62]: {
  Lua = {
    completion = {
      callSnippet = "Replace"
    },
    runtime = {
      path = { "?.lua", "?/init.lua" },
      pathStrict = true,
      version = "LuaJIT"
    },
    workspace = {
      checkThirdParty = false,
      ignoreDir = { "types/stable", "lua" },
      library = { "/home/cristian/.local/share/nvim/lazy/neodev.nvim/types/nightly", "/usr/local/share/nvim/runtime/lua", "/home/cristian/Repos/neovim/src/nvim/lua" }
    }
  }
}
[15:07:00.259][info] [#0:script/provider/provider.lua:61]: Load config from client	fallback
[15:07:00.259][info] [#0:script/provider/provider.lua:62]: {
  Lua = {
    completion = {
      callSnippet = "Replace"
    },
    runtime = {
      path = { "?.lua", "?/init.lua" },
      pathStrict = true,
      version = "LuaJIT"
    },
    workspace = {
      checkThirdParty = false,
      ignoreDir = { "types/stable", "lua" },
      library = { "/home/cristian/.local/share/nvim/lazy/neodev.nvim/types/nightly", "/usr/local/share/nvim/runtime/lua", "/home/cristian/Repos/neovim/src/nvim/lua" }
    }
  }
}
[15:07:00.259][info] [#0:script/provider/provider.lua:61]: Load config from client	fallback
[15:07:00.259][info] [#0:script/provider/provider.lua:62]: {
  Lua = {
    completion = {
      callSnippet = "Replace"
    },
    runtime = {
      path = { "?.lua", "?/init.lua" },
      pathStrict = true,
      version = "LuaJIT"
    },
    workspace = {
      checkThirdParty = false,
      ignoreDir = { "types/stable", "lua" },
      library = { "/home/cristian/.local/share/nvim/lazy/neodev.nvim/types/nightly", "/usr/local/share/nvim/runtime/lua", "/home/cristian/Repos/neovim/src/nvim/lua" }
    }
  }
}
[15:07:00.360][info] [#0:script/library.lua:212]: Init builtin library at:	file:///home/cristian/Repos/neovim
[15:07:00.380][info] [#0:script/plugin.lua:86]: plugin path:	/home/cristian/Repos/neovim
[15:07:00.380][warn] [#0:script/plugin.lua:101]: plugin not found:	/home/cristian/Repos/neovim
[15:07:00.381][info] [#0:script/library.lua:212]: Init builtin library at:	nil
[15:07:00.488][info] [#0:script/workspace/workspace.lua:324]: Preload start:	file:///home/cristian/Repos/neovim
[15:07:00.492][info] [#0:script/workspace/workspace.lua:330]: Scan files at:	file:///home/cristian/Repos/neovim
[15:07:00.507][info] [#0:script/workspace/workspace.lua:324]: Preload start:	<fallback>
[15:07:00.510][info] [#0:script/workspace/workspace.lua:353]: Scan library at:	file:///home/cristian/.local/share/nvim/mason/packages/lua-language-server/libexec/meta/LuaJIT%20en-us%20utf8/table/new.lua
[15:07:00.510][info] [#0:script/workspace/workspace.lua:353]: Scan library at:	file:///usr/local/share/nvim/runtime/lua
[15:07:00.519][info] [#0:script/workspace/workspace.lua:353]: Scan library at:	file:///home/cristian/Repos/neovim/src/nvim/lua
[15:07:00.520][info] [#0:script/workspace/workspace.lua:353]: Scan library at:	file:///home/cristian/.local/share/nvim/mason/packages/lua-language-server/libexec/meta/LuaJIT%20en-us%20utf8/builtin.lua
[15:07:00.520][info] [#0:script/workspace/workspace.lua:353]: Scan library at:	file:///home/cristian/.local/share/nvim/mason/packages/lua-language-server/libexec/meta/LuaJIT%20en-us%20utf8/basic.lua
[15:07:00.520][info] [#0:script/workspace/workspace.lua:353]: Scan library at:	file:///home/cristian/.local/share/nvim/mason/packages/lua-language-server/libexec/meta/LuaJIT%20en-us%20utf8/table/clear.lua
[15:07:00.521][info] [#0:script/workspace/workspace.lua:353]: Scan library at:	file:///home/cristian/.local/share/nvim/mason/packages/lua-language-server/libexec/meta/LuaJIT%20en-us%20utf8/ffi.lua
[15:07:00.521][info] [#0:script/workspace/workspace.lua:353]: Scan library at:	file:///home/cristian/.local/share/nvim/mason/packages/lua-language-server/libexec/meta/LuaJIT%20en-us%20utf8/io.lua
[15:07:00.521][info] [#0:script/workspace/workspace.lua:353]: Scan library at:	file:///home/cristian/.local/share/nvim/mason/packages/lua-language-server/libexec/meta/LuaJIT%20en-us%20utf8/jit/profile.lua
[15:07:00.521][info] [#0:script/workspace/workspace.lua:353]: Scan library at:	file:///home/cristian/.local/share/nvim/mason/packages/lua-language-server/libexec/meta/LuaJIT%20en-us%20utf8/string.lua
[15:07:00.521][info] [#0:script/workspace/workspace.lua:353]: Scan library at:	file:///home/cristian/.local/share/nvim/mason/packages/lua-language-server/libexec/meta/LuaJIT%20en-us%20utf8/math.lua
[15:07:00.522][info] [#0:script/workspace/workspace.lua:353]: Scan library at:	file:///home/cristian/.local/share/nvim/mason/packages/lua-language-server/libexec/meta/LuaJIT%20en-us%20utf8/coroutine.lua
[15:07:00.522][info] [#0:script/workspace/workspace.lua:353]: Scan library at:	file:///home/cristian/.local/share/nvim/mason/packages/lua-language-server/libexec/meta/LuaJIT%20en-us%20utf8/table.lua
[15:07:00.522][info] [#0:script/workspace/workspace.lua:353]: Scan library at:	file:///home/cristian/.local/share/nvim/mason/packages/lua-language-server/libexec/meta/LuaJIT%20en-us%20utf8/string/buffer.lua
[15:07:00.522][info] [#0:script/workspace/workspace.lua:353]: Scan library at:	file:///home/cristian/.local/share/nvim/mason/packages/lua-language-server/libexec/meta/LuaJIT%20en-us%20utf8/package.lua
[15:07:00.522][info] [#0:script/workspace/workspace.lua:353]: Scan library at:	file:///home/cristian/.local/share/nvim/lazy/neodev.nvim/types/nightly
[15:07:00.523][info] [#0:script/workspace/workspace.lua:353]: Scan library at:	file:///home/cristian/.local/share/nvim/mason/packages/lua-language-server/libexec/meta/LuaJIT%20en-us%20utf8/debug.lua
[15:07:00.523][info] [#0:script/workspace/workspace.lua:353]: Scan library at:	file:///home/cristian/.local/share/nvim/mason/packages/lua-language-server/libexec/meta/LuaJIT%20en-us%20utf8/os.lua
[15:07:00.523][info] [#0:script/workspace/workspace.lua:353]: Scan library at:	file:///home/cristian/.local/share/nvim/mason/packages/lua-language-server/libexec/meta/LuaJIT%20en-us%20utf8/jit/util.lua
[15:07:00.524][info] [#0:script/workspace/workspace.lua:353]: Scan library at:	file:///home/cristian/.local/share/nvim/mason/packages/lua-language-server/libexec/meta/LuaJIT%20en-us%20utf8/bit.lua
[15:07:00.524][info] [#0:script/workspace/workspace.lua:353]: Scan library at:	file:///home/cristian/.local/share/nvim/mason/packages/lua-language-server/libexec/meta/LuaJIT%20en-us%20utf8/jit.lua
[15:07:00.601][info] [#0:script/workspace/workspace.lua:353]: Scan library at:	file:///home/cristian/.local/share/nvim/mason/packages/lua-language-server/libexec/meta/LuaJIT%20en-us%20utf8/table/new.lua
[15:07:00.601][info] [#0:script/workspace/workspace.lua:353]: Scan library at:	file:///home/cristian/.local/share/nvim/mason/packages/lua-language-server/libexec/meta/3rd/luv/library
[15:07:00.602][info] [#0:script/workspace/workspace.lua:353]: Scan library at:	file:///home/cristian/.local/share/nvim/mason/packages/lua-language-server/libexec/meta/LuaJIT%20en-us%20utf8/jit.lua
[15:07:00.602][info] [#0:script/workspace/workspace.lua:353]: Scan library at:	file:///home/cristian/.local/share/nvim/mason/packages/lua-language-server/libexec/meta/LuaJIT%20en-us%20utf8/table.lua
[15:07:00.602][info] [#0:script/workspace/workspace.lua:353]: Scan library at:	file:///home/cristian/.local/share/nvim/mason/packages/lua-language-server/libexec/meta/LuaJIT%20en-us%20utf8/builtin.lua
[15:07:00.602][info] [#0:script/workspace/workspace.lua:353]: Scan library at:	file:///home/cristian/.local/share/nvim/mason/packages/lua-language-server/libexec/meta/LuaJIT%20en-us%20utf8/basic.lua
[15:07:00.602][info] [#0:script/workspace/workspace.lua:353]: Scan library at:	file:///home/cristian/.local/share/nvim/mason/packages/lua-language-server/libexec/meta/LuaJIT%20en-us%20utf8/table/clear.lua
[15:07:00.602][info] [#0:script/workspace/workspace.lua:353]: Scan library at:	file:///home/cristian/.local/share/nvim/mason/packages/lua-language-server/libexec/meta/LuaJIT%20en-us%20utf8/ffi.lua
[15:07:00.602][info] [#0:script/workspace/workspace.lua:353]: Scan library at:	file:///home/cristian/.local/share/nvim/mason/packages/lua-language-server/libexec/meta/LuaJIT%20en-us%20utf8/io.lua
[15:07:00.602][info] [#0:script/workspace/workspace.lua:353]: Scan library at:	file:///home/cristian/.local/share/nvim/mason/packages/lua-language-server/libexec/meta/LuaJIT%20en-us%20utf8/jit/profile.lua
[15:07:00.602][info] [#0:script/workspace/workspace.lua:353]: Scan library at:	file:///home/cristian/.local/share/nvim/mason/packages/lua-language-server/libexec/meta/LuaJIT%20en-us%20utf8/string.lua
[15:07:00.603][info] [#0:script/workspace/workspace.lua:353]: Scan library at:	file:///home/cristian/.local/share/nvim/mason/packages/lua-language-server/libexec/meta/LuaJIT%20en-us%20utf8/math.lua
[15:07:00.603][info] [#0:script/workspace/workspace.lua:353]: Scan library at:	file:///home/cristian/.local/share/nvim/mason/packages/lua-language-server/libexec/meta/LuaJIT%20en-us%20utf8/coroutine.lua
[15:07:00.603][info] [#0:script/workspace/workspace.lua:353]: Scan library at:	file:///home/cristian/.local/share/nvim/mason/packages/lua-language-server/libexec/meta/LuaJIT%20en-us%20utf8/debug.lua
[15:07:00.603][info] [#0:script/workspace/workspace.lua:353]: Scan library at:	file:///home/cristian/.local/share/nvim/mason/packages/lua-language-server/libexec/meta/LuaJIT%20en-us%20utf8/package.lua
[15:07:00.603][info] [#0:script/workspace/workspace.lua:353]: Scan library at:	file:///home/cristian/.local/share/nvim/mason/packages/lua-language-server/libexec/meta/LuaJIT%20en-us%20utf8/string/buffer.lua
[15:07:00.603][info] [#0:script/workspace/workspace.lua:353]: Scan library at:	file:///home/cristian/.local/share/nvim/mason/packages/lua-language-server/libexec/meta/LuaJIT%20en-us%20utf8/jit/util.lua
[15:07:00.603][info] [#0:script/workspace/workspace.lua:353]: Scan library at:	file:///home/cristian/.local/share/nvim/mason/packages/lua-language-server/libexec/meta/LuaJIT%20en-us%20utf8/os.lua
[15:07:00.603][info] [#0:script/workspace/workspace.lua:353]: Scan library at:	file:///home/cristian/.local/share/nvim/mason/packages/lua-language-server/libexec/meta/3rd/busted/library
[15:07:00.603][info] [#0:script/workspace/workspace.lua:353]: Scan library at:	file:///home/cristian/.local/share/nvim/mason/packages/lua-language-server/libexec/meta/LuaJIT%20en-us%20utf8/bit.lua
[15:07:00.603][info] [#0:script/workspace/workspace.lua:353]: Scan library at:	file:///home/cristian/Repos/neovim/runtime/lua
[15:07:00.706][info] [#0:script/workspace/workspace.lua:379]: Found 123 files at:	<fallback>
[15:07:00.706][info] [#0:script/workspace/loading.lua:161]: Load files from disk:	<fallback>
[15:07:00.706][info] [#0:script/workspace/workspace.lua:379]: Found 231 files at:	file:///home/cristian/Repos/neovim
[15:07:00.706][info] [#0:script/workspace/loading.lua:161]: Load files from disk:	file:///home/cristian/Repos/neovim
[15:07:00.707][info] [#0:script/workspace/loading.lua:101]: Preload file at: file:///home/cristian/.local/share/nvim/mason/packages/lua-language-server/libexec/meta/LuaJIT%20en-us%20utf8/jit.lua , size = 0.884 KB
[15:07:00.708][info] [#0:script/workspace/loading.lua:113]: ++++As library of:	file:///home/cristian/.local/share/nvim/mason/packages/lua-language-server/libexec/meta/LuaJIT%20en-us%20utf8/jit.lua
[15:07:00.708][info] [#0:script/workspace/loading.lua:101]: Preload file at: file:///home/cristian/.local/share/nvim/mason/packages/lua-language-server/libexec/meta/LuaJIT%20en-us%20utf8/bit.lua , size = 1.320 KB
[15:07:00.709][info] [#0:script/workspace/loading.lua:113]: ++++As library of:	file:///home/cristian/.local/share/nvim/mason/packages/lua-language-server/libexec/meta/LuaJIT%20en-us%20utf8/bit.lua
[15:07:00.709][info] [#0:script/workspace/loading.lua:101]: Preload file at: file:///home/cristian/Repos/neovim/runtime/lua/man.lua , size = 23.607 KB
[15:07:00.720][info] [#0:script/workspace/loading.lua:113]: ++++As library of:	file:///home/cristian/Repos/neovim/runtime/lua
[15:07:00.720][info] [#0:script/workspace/loading.lua:101]: Preload file at: file:///home/cristian/Repos/neovim/runtime/lua/provider/health.lua , size = 27.914 KB
[15:07:00.728][info] [#0:script/workspace/loading.lua:113]: ++++As library of:	file:///home/cristian/Repos/neovim/runtime/lua
[15:07:00.728][info] [#0:script/workspace/loading.lua:101]: Preload file at: file:///home/cristian/.local/share/nvim/mason/packages/lua-language-server/libexec/meta/LuaJIT%20en-us%20utf8/jit/util.lua , size = 1.984 KB
[15:07:00.730][info] [#0:script/workspace/loading.lua:113]: ++++As library of:	file:///home/cristian/.local/share/nvim/mason/packages/lua-language-server/libexec/meta/LuaJIT%20en-us%20utf8/jit/util.lua
[15:07:00.730][info] [#0:script/workspace/loading.lua:101]: Preload file at: file:///home/cristian/Repos/neovim/runtime/lua/vim/_init_packages.lua , size = 2.801 KB
[15:07:00.732][info] [#0:script/workspace/loading.lua:113]: ++++As library of:	file:///home/cristian/Repos/neovim/runtime/lua
[15:07:00.732][info] [#0:script/workspace/loading.lua:101]: Preload file at: file:///home/cristian/.local/share/nvim/mason/packages/lua-language-server/libexec/meta/LuaJIT%20en-us%20utf8/os.lua , size = 5.600 KB
[15:07:00.734][info] [#0:script/workspace/loading.lua:113]: ++++As library of:	file:///home/cristian/.local/share/nvim/mason/packages/lua-language-server/libexec/meta/LuaJIT%20en-us%20utf8/os.lua
[15:07:00.734][info] [#0:script/workspace/loading.lua:101]: Preload file at: file:///home/cristian/Repos/neovim/runtime/lua/vim/re.lua , size = 6.437 KB
[15:07:00.737][info] [#0:script/workspace/loading.lua:113]: ++++As library of:	file:///home/cristian/Repos/neovim/runtime/lua
[15:07:00.737][info] [#0:script/workspace/loading.lua:101]: Preload file at: file:///home/cristian/.local/share/nvim/mason/packages/lua-language-server/libexec/meta/LuaJIT%20en-us%20utf8/debug.lua , size = 7.310 KB
[15:07:00.740][info] [#0:script/workspace/loading.lua:113]: ++++As library of:	file:///home/cristian/.local/share/nvim/mason/packages/lua-language-server/libexec/meta/LuaJIT%20en-us%20utf8/debug.lua
[15:07:00.740][info] [#0:script/workspace/loading.lua:101]: Preload file at: file:///home/cristian/.local/share/nvim/lazy/neodev.nvim/types/nightly/alias.lua , size = 0.217 KB
[15:07:00.741][info] [#0:script/workspace/loading.lua:113]: ++++As library of:	file:///home/cristian/.local/share/nvim/lazy/neodev.nvim/types/nightly
[15:07:00.741][info] [#0:script/workspace/loading.lua:101]: Preload file at: file:///home/cristian/Repos/neovim/runtime/lua/vim/keymap.lua , size = 3.643 KB
[15:07:00.742][info] [#0:script/workspace/loading.lua:113]: ++++As library of:	file:///home/cristian/Repos/neovim/runtime/lua
[15:07:00.742][info] [#0:script/workspace/loading.lua:101]: Preload file at: file:///home/cristian/Repos/neovim/runtime/lua/vim/highlight.lua , size = 4.396 KB
[15:07:00.744][info] [#0:script/workspace/loading.lua:113]: ++++As library of:	file:///home/cristian/Repos/neovim/runtime/lua
[15:07:00.744][info] [#0:script/workspace/loading.lua:101]: Preload file at: file:///home/cristian/Repos/neovim/runtime/lua/vim/secure.lua , size = 4.783 KB
[15:07:00.746][info] [#0:script/workspace/loading.lua:113]: ++++As library of:	file:///home/cristian/Repos/neovim/runtime/lua
[15:07:00.746][info] [#0:script/workspace/loading.lua:101]: Preload file at: file:///home/cristian/.local/share/nvim/lazy/neodev.nvim/types/nightly/lua.lua , size = 26.891 KB
[15:07:00.753][info] [#0:script/workspace/loading.lua:113]: ++++As library of:	file:///home/cristian/.local/share/nvim/lazy/neodev.nvim/types/nightly
[15:07:00.753][info] [#0:script/workspace/loading.lua:101]: Preload file at: file:///home/cristian/Repos/neovim/runtime/lua/vim/_watch.lua , size = 6.951 KB
[15:07:00.755][info] [#0:script/workspace/loading.lua:113]: ++++As library of:	file:///home/cristian/Repos/neovim/runtime/lua
[15:07:00.755][info] [#0:script/workspace/loading.lua:101]: Preload file at: file:///home/cristian/.local/share/nvim/lazy/neodev.nvim/types/nightly/lpeg.lua , size = 20.371 KB
[15:07:00.759][info] [#0:script/workspace/loading.lua:113]: ++++As library of:	file:///home/cristian/.local/share/nvim/lazy/neodev.nvim/types/nightly
[15:07:00.759][info] [#0:script/workspace/loading.lua:101]: Preload file at: file:///home/cristian/Repos/neovim/runtime/lua/vim/diagnostic.lua , size = 57.596 KB
[15:07:00.777][info] [#0:script/workspace/loading.lua:113]: ++++As library of:	file:///home/cristian/Repos/neovim/runtime/lua
[15:07:00.777][info] [#0:script/workspace/loading.lua:101]: Preload file at: file:///home/cristian/.local/share/nvim/lazy/neodev.nvim/types/nightly/api.lua , size = 117.471 KB
[15:07:00.801][info] [#0:script/workspace/loading.lua:113]: ++++As library of:	file:///home/cristian/.local/share/nvim/lazy/neodev.nvim/types/nightly
[15:07:00.801][info] [#0:script/workspace/loading.lua:101]: Preload file at: file:///home/cristian/Repos/neovim/runtime/lua/vim/_options.lua , size = 24.443 KB
[15:07:00.808][info] [#0:script/workspace/loading.lua:113]: ++++As library of:	file:///home/cristian/Repos/neovim/runtime/lua
[15:07:00.808][info] [#0:script/workspace/loading.lua:101]: Preload file at: file:///home/cristian/.local/share/nvim/lazy/neodev.nvim/types/nightly/uv.lua , size = 138.073 KB
[15:07:00.857][info] [#0:script/workspace/loading.lua:113]: ++++As library of:	file:///home/cristian/.local/share/nvim/lazy/neodev.nvim/types/nightly
[15:07:00.857][info] [#0:script/workspace/loading.lua:101]: Preload file at: file:///home/cristian/Repos/neovim/runtime/lua/vim/fs.lua , size = 10.990 KB
[15:07:00.861][info] [#0:script/workspace/loading.lua:113]: ++++As library of:	file:///home/cristian/Repos/neovim/runtime/lua
[15:07:00.861][info] [#0:script/workspace/loading.lua:101]: Preload file at: file:///home/cristian/.local/share/nvim/lazy/neodev.nvim/types/nightly/options.1.lua , size = 200.955 KB
[15:07:00.907][info] [#0:script/workspace/loading.lua:113]: ++++As library of:	file:///home/cristian/.local/share/nvim/lazy/neodev.nvim/types/nightly
[15:07:00.907][info] [#0:script/workspace/loading.lua:101]: Preload file at: file:///home/cristian/.local/share/nvim/lazy/neodev.nvim/types/nightly/vim.fn.1.lua , size = 171.604 KB
[15:07:00.936][info] [#0:script/workspace/loading.lua:113]: ++++As library of:	file:///home/cristian/.local/share/nvim/lazy/neodev.nvim/types/nightly
[15:07:00.936][info] [#0:script/workspace/loading.lua:101]: Preload file at: file:///home/cristian/.local/share/nvim/lazy/neodev.nvim/types/nightly/vim.lua , size = 1.169 KB
[15:07:00.936][info] [#0:script/workspace/loading.lua:113]: ++++As library of:	file:///home/cristian/.local/share/nvim/lazy/neodev.nvim/types/nightly
[15:07:00.937][info] [#0:script/workspace/loading.lua:101]: Preload file at: file:///home/cristian/Repos/neovim/runtime/lua/vim/lsp.lua , size = 90.009 KB
[15:07:00.964][info] [#0:script/workspace/loading.lua:113]: ++++As library of:	file:///home/cristian/Repos/neovim/runtime/lua
[15:07:00.964][info] [#0:script/workspace/loading.lua:101]: Preload file at: file:///home/cristian/.local/share/nvim/lazy/neodev.nvim/types/nightly/vim.fn.lua , size = 200.296 KB
[15:07:01.014][info] [#0:script/workspace/loading.lua:113]: ++++As library of:	file:///home/cristian/.local/share/nvim/lazy/neodev.nvim/types/nightly
[15:07:01.014][info] [#0:script/workspace/loading.lua:101]: Preload file at: file:///home/cristian/Repos/neovim/runtime/lua/vim/_meta/api.lua , size = 97.233 KB
[15:07:01.033][info] [#0:script/workspace/loading.lua:113]: ++++As library of:	file:///home/cristian/Repos/neovim/runtime/lua
[15:07:01.034][info] [#0:script/workspace/loading.lua:101]: Preload file at: file:///home/cristian/Repos/neovim/runtime/lua/vim/_meta/vimfn.lua , size = 386.630 KB
[15:07:01.132][info] [#0:script/workspace/loading.lua:113]: ++++As library of:	file:///home/cristian/Repos/neovim/runtime/lua
[15:07:01.132][info] [#0:script/workspace/loading.lua:101]: Preload file at: file:///home/cristian/Repos/neovim/runtime/lua/vim/_meta/mpack.lua , size = 0.438 KB
[15:07:01.132][info] [#0:script/workspace/loading.lua:113]: ++++As library of:	file:///home/cristian/Repos/neovim/runtime/lua
[15:07:01.132][info] [#0:script/workspace/loading.lua:101]: Preload file at: file:///home/cristian/.local/share/nvim/lazy/neodev.nvim/types/nightly/options.3.lua , size = 114.719 KB
[15:07:01.197][info] [#0:script/workspace/loading.lua:113]: ++++As library of:	file:///home/cristian/.local/share/nvim/lazy/neodev.nvim/types/nightly
[15:07:01.197][info] [#0:script/workspace/loading.lua:101]: Preload file at: file:///home/cristian/Repos/neovim/runtime/lua/vim/_meta/json.lua , size = 1.273 KB
[15:07:01.198][info] [#0:script/workspace/loading.lua:113]: ++++As library of:	file:///home/cristian/Repos/neovim/runtime/lua
[15:07:01.198][info] [#0:script/workspace/loading.lua:101]: Preload file at: file:///home/cristian/.local/share/nvim/lazy/neodev.nvim/types/nightly/options.lua , size = 200.129 KB
[15:07:01.229][info] [#0:script/workspace/loading.lua:113]: ++++As library of:	file:///home/cristian/.local/share/nvim/lazy/neodev.nvim/types/nightly
[15:07:01.229][info] [#0:script/workspace/loading.lua:101]: Preload file at: file:///home/cristian/Repos/neovim/runtime/lua/vim/_meta/spell.lua , size = 0.942 KB
[15:07:01.229][info] [#0:script/workspace/loading.lua:113]: ++++As library of:	file:///home/cristian/Repos/neovim/runtime/lua
[15:07:01.229][info] [#0:script/workspace/loading.lua:101]: Preload file at: file:///home/cristian/.local/share/nvim/lazy/neodev.nvim/types/nightly/cmd.lua , size = 66.965 KB
[15:07:01.256][info] [#0:script/workspace/loading.lua:113]: ++++As library of:	file:///home/cristian/.local/share/nvim/lazy/neodev.nvim/types/nightly
[15:07:01.256][info] [#0:script/workspace/loading.lua:101]: Preload file at: file:///home/cristian/Repos/neovim/runtime/lua/vim/_meta/builtin.lua , size = 11.254 KB
[15:07:01.258][info] [#0:script/workspace/loading.lua:113]: ++++As library of:	file:///home/cristian/Repos/neovim/runtime/lua
[15:07:01.258][info] [#0:script/workspace/loading.lua:101]: Preload file at: file:///home/cristian/.local/share/nvim/mason/packages/lua-language-server/libexec/meta/LuaJIT%20en-us%20utf8/package.lua , size = 2.699 KB
[15:07:01.259][info] [#0:script/workspace/loading.lua:113]: ++++As library of:	file:///home/cristian/.local/share/nvim/mason/packages/lua-language-server/libexec/meta/LuaJIT%20en-us%20utf8/package.lua
[15:07:01.259][info] [#0:script/workspace/loading.lua:101]: Preload file at: file:///home/cristian/.local/share/nvim/lazy/neodev.nvim/types/nightly/options.2.lua , size = 200.593 KB
[15:07:01.307][info] [#0:script/workspace/loading.lua:113]: ++++As library of:	file:///home/cristian/.local/share/nvim/lazy/neodev.nvim/types/nightly
[15:07:01.307][info] [#0:script/workspace/loading.lua:101]: Preload file at: file:///home/cristian/.local/share/nvim/mason/packages/lua-language-server/libexec/meta/LuaJIT%20en-us%20utf8/string/buffer.lua , size = 18.123 KB
[15:07:01.310][info] [#0:script/workspace/loading.lua:113]: ++++As library of:	file:///home/cristian/.local/share/nvim/mason/packages/lua-language-server/libexec/meta/LuaJIT%20en-us%20utf8/string/buffer.lua
[15:07:01.310][info] [#0:script/workspace/loading.lua:101]: Preload file at: file:///home/cristian/Repos/neovim/runtime/lua/vim/_meta/misc.lua , size = 0.275 KB
[15:07:01.310][info] [#0:script/workspace/loading.lua:113]: ++++As library of:	file:///home/cristian/Repos/neovim/runtime/lua
[15:07:01.310][info] [#0:script/workspace/loading.lua:101]: Preload file at: file:///home/cristian/.local/share/nvim/mason/packages/lua-language-server/libexec/meta/LuaJIT%20en-us%20utf8/table.lua , size = 4.230 KB
[15:07:01.312][info] [#0:script/workspace/loading.lua:113]: ++++As library of:	file:///home/cristian/.local/share/nvim/mason/packages/lua-language-server/libexec/meta/LuaJIT%20en-us%20utf8/table.lua
[15:07:01.312][info] [#0:script/workspace/loading.lua:101]: Preload file at: file:///home/cristian/Repos/neovim/runtime/lua/vim/_meta/builtin_types.lua , size = 3.132 KB
[15:07:01.314][info] [#0:script/workspace/loading.lua:113]: ++++As library of:	file:///home/cristian/Repos/neovim/runtime/lua
[15:07:01.314][info] [#0:script/workspace/loading.lua:101]: Preload file at: file:///home/cristian/.local/share/nvim/mason/packages/lua-language-server/libexec/meta/LuaJIT%20en-us%20utf8/coroutine.lua , size = 2.541 KB
[15:07:01.315][info] [#0:script/workspace/loading.lua:113]: ++++As library of:	file:///home/cristian/.local/share/nvim/mason/packages/lua-language-server/libexec/meta/LuaJIT%20en-us%20utf8/coroutine.lua
[15:07:01.315][info] [#0:script/workspace/loading.lua:101]: Preload file at: file:///home/cristian/Repos/neovim/runtime/lua/vim/_meta/api_keysets.lua , size = 6.312 KB
[15:07:01.318][info] [#0:script/workspace/loading.lua:113]: ++++As library of:	file:///home/cristian/Repos/neovim/runtime/lua
[15:07:01.318][info] [#0:script/workspace/loading.lua:101]: Preload file at: file:///home/cristian/.local/share/nvim/mason/packages/lua-language-server/libexec/meta/LuaJIT%20en-us%20utf8/math.lua , size = 7.949 KB
[15:07:01.321][info] [#0:script/workspace/loading.lua:113]: ++++As library of:	file:///home/cristian/.local/share/nvim/mason/packages/lua-language-server/libexec/meta/LuaJIT%20en-us%20utf8/math.lua
[15:07:01.321][info] [#0:script/workspace/loading.lua:101]: Preload file at: file:///home/cristian/Repos/neovim/runtime/lua/vim/_meta/regex.lua , size = 1.359 KB
[15:07:01.321][info] [#0:script/workspace/loading.lua:113]: ++++As library of:	file:///home/cristian/Repos/neovim/runtime/lua
[15:07:01.321][info] [#0:script/workspace/loading.lua:101]: Preload file at: file:///home/cristian/.local/share/nvim/mason/packages/lua-language-server/libexec/meta/LuaJIT%20en-us%20utf8/string.lua , size = 6.323 KB
[15:07:01.324][info] [#0:script/workspace/loading.lua:113]: ++++As library of:	file:///home/cristian/.local/share/nvim/mason/packages/lua-language-server/libexec/meta/LuaJIT%20en-us%20utf8/string.lua
[15:07:01.324][info] [#0:script/workspace/loading.lua:101]: Preload file at: file:///home/cristian/Repos/neovim/runtime/lua/vim/_meta/diff.lua , size = 2.540 KB
[15:07:01.325][info] [#0:script/workspace/loading.lua:113]: ++++As library of:	file:///home/cristian/Repos/neovim/runtime/lua
[15:07:01.325][info] [#0:script/workspace/loading.lua:101]: Preload file at: file:///home/cristian/.local/share/nvim/mason/packages/lua-language-server/libexec/meta/LuaJIT%20en-us%20utf8/jit/profile.lua , size = 0.348 KB
[15:07:01.325][info] [#0:script/workspace/loading.lua:113]: ++++As library of:	file:///home/cristian/.local/share/nvim/mason/packages/lua-language-server/libexec/meta/LuaJIT%20en-us%20utf8/jit/profile.lua
[15:07:01.325][info] [#0:script/workspace/loading.lua:101]: Preload file at: file:///home/cristian/Repos/neovim/runtime/lua/vim/iter.lua , size = 24.437 KB
[15:07:01.333][info] [#0:script/workspace/loading.lua:113]: ++++As library of:	file:///home/cristian/Repos/neovim/runtime/lua
[15:07:01.333][info] [#0:script/workspace/loading.lua:101]: Preload file at: file:///home/cristian/.local/share/nvim/mason/packages/lua-language-server/libexec/meta/LuaJIT%20en-us%20utf8/io.lua , size = 6.364 KB
[15:07:01.336][info] [#0:script/workspace/loading.lua:113]: ++++As library of:	file:///home/cristian/.local/share/nvim/mason/packages/lua-language-server/libexec/meta/LuaJIT%20en-us%20utf8/io.lua
[15:07:01.336][info] [#0:script/workspace/loading.lua:101]: Preload file at: file:///home/cristian/Repos/neovim/runtime/lua/vim/ui.lua , size = 5.164 KB
[15:07:01.338][info] [#0:script/workspace/loading.lua:113]: ++++As library of:	file:///home/cristian/Repos/neovim/runtime/lua
[15:07:01.338][info] [#0:script/workspace/loading.lua:101]: Preload file at: file:///home/cristian/.local/share/nvim/mason/packages/lua-language-server/libexec/meta/LuaJIT%20en-us%20utf8/ffi.lua , size = 2.529 KB
[15:07:01.339][info] [#0:script/workspace/loading.lua:113]: ++++As library of:	file:///home/cristian/.local/share/nvim/mason/packages/lua-language-server/libexec/meta/LuaJIT%20en-us%20utf8/ffi.lua
[15:07:01.339][info] [#0:script/workspace/loading.lua:101]: Preload file at: file:///home/cristian/Repos/neovim/runtime/lua/vim/inspect.lua , size = 8.864 KB
[15:07:01.343][info] [#0:script/workspace/loading.lua:113]: ++++As library of:	file:///home/cristian/Repos/neovim/runtime/lua
[15:07:01.343][info] [#0:script/workspace/loading.lua:101]: Preload file at: file:///home/cristian/.local/share/nvim/mason/packages/lua-language-server/libexec/meta/LuaJIT%20en-us%20utf8/table/clear.lua , size = 0.797 KB
[15:07:01.343][info] [#0:script/workspace/loading.lua:113]: ++++As library of:	file:///home/cristian/.local/share/nvim/mason/packages/lua-language-server/libexec/meta/LuaJIT%20en-us%20utf8/table/clear.lua
[15:07:01.343][info] [#0:script/workspace/loading.lua:101]: Preload file at: file:///home/cristian/Repos/neovim/runtime/lua/vim/_inspector.lua , size = 7.822 KB
[15:07:01.347][info] [#0:script/workspace/loading.lua:113]: ++++As library of:	file:///home/cristian/Repos/neovim/runtime/lua
[15:07:01.347][info] [#0:script/workspace/loading.lua:101]: Preload file at: file:///home/cristian/.local/share/nvim/mason/packages/lua-language-server/libexec/meta/LuaJIT%20en-us%20utf8/basic.lua , size = 14.989 KB
[15:07:01.411][info] [#0:script/workspace/loading.lua:113]: ++++As library of:	file:///home/cristian/.local/share/nvim/mason/packages/lua-language-server/libexec/meta/LuaJIT%20en-us%20utf8/basic.lua
[15:07:01.411][info] [#0:script/workspace/loading.lua:101]: Preload file at: file:///home/cristian/Repos/neovim/runtime/lua/vim/F.lua , size = 1.064 KB
[15:07:01.412][info] [#0:script/workspace/loading.lua:113]: ++++As library of:	file:///home/cristian/Repos/neovim/runtime/lua
[15:07:01.412][info] [#0:script/workspace/loading.lua:101]: Preload file at: file:///home/cristian/.local/share/nvim/mason/packages/lua-language-server/libexec/meta/LuaJIT%20en-us%20utf8/builtin.lua , size = 0.302 KB
[15:07:01.412][info] [#0:script/workspace/loading.lua:113]: ++++As library of:	file:///home/cristian/.local/share/nvim/mason/packages/lua-language-server/libexec/meta/LuaJIT%20en-us%20utf8/builtin.lua
[15:07:01.412][info] [#0:script/workspace/loading.lua:101]: Preload file at: file:///home/cristian/Repos/neovim/runtime/lua/vim/filetype/options.lua , size = 2.559 KB
[15:07:01.414][info] [#0:script/workspace/loading.lua:113]: ++++As library of:	file:///home/cristian/Repos/neovim/runtime/lua
[15:07:01.414][info] [#0:script/workspace/loading.lua:101]: Preload file at: file:///usr/local/share/nvim/runtime/lua/man.lua , size = 23.607 KB
[15:07:01.423][info] [#0:script/workspace/loading.lua:113]: ++++As library of:	file:///usr/local/share/nvim/runtime/lua
[15:07:01.423][info] [#0:script/workspace/loading.lua:101]: Preload file at: file:///home/cristian/Repos/neovim/runtime/lua/vim/filetype/detect.lua , size = 53.971 KB
[15:07:01.441][info] [#0:script/workspace/loading.lua:113]: ++++As library of:	file:///home/cristian/Repos/neovim/runtime/lua
[15:07:01.441][info] [#0:script/workspace/loading.lua:101]: Preload file at: file:///home/cristian/Repos/neovim/runtime/lua/vim/_meta/options.lua , size = 320.389 KB
[15:07:01.501][info] [#0:script/workspace/loading.lua:113]: ++++As library of:	file:///home/cristian/Repos/neovim/runtime/lua
[15:07:01.501][info] [#0:script/workspace/loading.lua:101]: Preload file at: file:///usr/local/share/nvim/runtime/lua/provider/health.lua , size = 27.914 KB
[15:07:01.510][info] [#0:script/workspace/loading.lua:113]: ++++As library of:	file:///usr/local/share/nvim/runtime/lua
[15:07:01.510][info] [#0:script/workspace/loading.lua:101]: Preload file at: file:///usr/local/share/nvim/runtime/lua/jit/dis_arm64.lua , size = 30.163 KB
[15:07:01.523][info] [#0:script/workspace/loading.lua:113]: ++++As library of:	file:///usr/local/share/nvim/runtime/lua
[15:07:01.523][info] [#0:script/workspace/loading.lua:101]: Preload file at: file:///home/cristian/Repos/neovim/runtime/lua/vim/vimhelp.lua , size = 0.784 KB
[15:07:01.524][info] [#0:script/workspace/loading.lua:113]: ++++As library of:	file:///home/cristian/Repos/neovim/runtime/lua
[15:07:01.524][info] [#0:script/workspace/loading.lua:101]: Preload file at: file:///home/cristian/Repos/neovim/runtime/lua/vim/filetype.lua , size = 63.985 KB
[15:07:01.543][info] [#0:script/workspace/loading.lua:113]: ++++As library of:	file:///home/cristian/Repos/neovim/runtime/lua
[15:07:01.543][info] [#0:script/workspace/loading.lua:101]: Preload file at: file:///usr/local/share/nvim/runtime/lua/jit/zone.lua , size = 0.979 KB
[15:07:01.544][info] [#0:script/workspace/loading.lua:113]: ++++As library of:	file:///usr/local/share/nvim/runtime/lua
[15:07:01.544][info] [#0:script/workspace/loading.lua:101]: Preload file at: file:///usr/local/share/nvim/runtime/lua/jit/dis_mipsel.lua , size = 0.698 KB
[15:07:01.544][info] [#0:script/workspace/loading.lua:113]: ++++As library of:	file:///usr/local/share/nvim/runtime/lua
[15:07:01.544][info] [#0:script/workspace/loading.lua:101]: Preload file at: file:///home/cristian/Repos/neovim/runtime/lua/vim/version.lua , size = 12.776 KB
[15:07:01.549][info] [#0:script/workspace/loading.lua:113]: ++++As library of:	file:///home/cristian/Repos/neovim/runtime/lua
[15:07:01.549][info] [#0:script/workspace/loading.lua:101]: Preload file at: file:///usr/local/share/nvim/runtime/lua/jit/p.lua , size = 8.891 KB
[15:07:01.553][info] [#0:script/workspace/loading.lua:113]: ++++As library of:	file:///usr/local/share/nvim/runtime/lua
[15:07:01.553][info] [#0:script/workspace/loading.lua:101]: Preload file at: file:///home/cristian/Repos/neovim/runtime/lua/vim/treesitter.lua , size = 15.433 KB
[15:07:01.559][info] [#0:script/workspace/loading.lua:113]: ++++As library of:	file:///home/cristian/Repos/neovim/runtime/lua
[15:07:01.559][info] [#0:script/workspace/loading.lua:101]: Preload file at: file:///home/cristian/Repos/neovim/runtime/lua/vim/treesitter/highlighter.lua , size = 8.791 KB
[15:07:01.563][info] [#0:script/workspace/loading.lua:113]: ++++As library of:	file:///home/cristian/Repos/neovim/runtime/lua
[15:07:01.563][info] [#0:script/workspace/loading.lua:101]: Preload file at: file:///usr/local/share/nvim/runtime/lua/jit/bcsave.lua , size = 19.096 KB
[15:07:01.570][info] [#0:script/workspace/loading.lua:113]: ++++As library of:	file:///usr/local/share/nvim/runtime/lua
[15:07:01.570][info] [#0:script/workspace/loading.lua:101]: Preload file at: file:///usr/local/share/nvim/runtime/lua/jit/dis_mips64r6el.lua , size = 0.711 KB
[15:07:01.571][info] [#0:script/workspace/loading.lua:113]: ++++As library of:	file:///usr/local/share/nvim/runtime/lua
[15:07:01.571][info] [#0:script/workspace/loading.lua:101]: Preload file at: file:///home/cristian/Repos/neovim/runtime/lua/vim/treesitter/query.lua , size = 24.997 KB
[15:07:01.580][info] [#0:script/workspace/loading.lua:113]: ++++As library of:	file:///home/cristian/Repos/neovim/runtime/lua
[15:07:01.580][info] [#0:script/workspace/loading.lua:101]: Preload file at: file:///home/cristian/Repos/neovim/runtime/lua/vim/treesitter/dev.lua , size = 17.849 KB
[15:07:01.587][info] [#0:script/workspace/loading.lua:113]: ++++As library of:	file:///home/cristian/Repos/neovim/runtime/lua
[15:07:01.587][info] [#0:script/workspace/loading.lua:101]: Preload file at: file:///usr/local/share/nvim/runtime/lua/jit/dis_mips64el.lua , size = 0.700 KB
[15:07:01.587][info] [#0:script/workspace/loading.lua:113]: ++++As library of:	file:///usr/local/share/nvim/runtime/lua
[15:07:01.587][info] [#0:script/workspace/loading.lua:101]: Preload file at: file:///usr/local/share/nvim/runtime/lua/jit/dis_mips.lua , size = 21.494 KB
[15:07:01.596][info] [#0:script/workspace/loading.lua:113]: ++++As library of:	file:///usr/local/share/nvim/runtime/lua
[15:07:01.596][info] [#0:script/workspace/loading.lua:101]: Preload file at: file:///home/cristian/Repos/neovim/runtime/lua/vim/treesitter/languagetree.lua , size = 30.428 KB
[15:07:01.608][info] [#0:script/workspace/loading.lua:113]: ++++As library of:	file:///home/cristian/Repos/neovim/runtime/lua
[15:07:01.608][info] [#0:script/workspace/loading.lua:101]: Preload file at: file:///home/cristian/Repos/neovim/runtime/lua/vim/treesitter/_query_linter.lua , size = 10.007 KB
[15:07:01.612][info] [#0:script/workspace/loading.lua:113]: ++++As library of:	file:///home/cristian/Repos/neovim/runtime/lua
[15:07:01.612][info] [#0:script/workspace/loading.lua:101]: Preload file at: file:///home/cristian/Repos/neovim/runtime/lua/vim/treesitter/health.lua , size = 0.867 KB
[15:07:01.613][info] [#0:script/workspace/loading.lua:113]: ++++As library of:	file:///home/cristian/Repos/neovim/runtime/lua
[15:07:01.613][info] [#0:script/workspace/loading.lua:101]: Preload file at: file:///usr/local/share/nvim/runtime/lua/jit/dis_x64.lua , size = 0.695 KB
[15:07:01.613][info] [#0:script/workspace/loading.lua:113]: ++++As library of:	file:///usr/local/share/nvim/runtime/lua
[15:07:01.613][info] [#0:script/workspace/loading.lua:101]: Preload file at: file:///usr/local/share/nvim/runtime/lua/jit/dis_x86.lua , size = 33.033 KB
[15:07:01.626][info] [#0:script/workspace/loading.lua:113]: ++++As library of:	file:///usr/local/share/nvim/runtime/lua
[15:07:01.627][info] [#0:script/provider/provider.lua:169]: Server shutdown.
[15:07:01.627][warn] [#0:script/pub/report.lua:25]: Load proto error:	Disconnected!
